[2025-02-04 13:41:26Z INFO HostContext] No proxy settings were found based on environmental variables (http_proxy/https_proxy/HTTP_PROXY/HTTPS_PROXY)
[2025-02-04 13:41:26Z INFO HostContext] Well known directory 'Bin': '/Users/Mac7/Documents/GitHub/SiteMultiponto-Digipress.github.io/actions-runner/bin'
[2025-02-04 13:41:26Z INFO HostContext] Well known directory 'Root': '/Users/Mac7/Documents/GitHub/SiteMultiponto-Digipress.github.io/actions-runner'
[2025-02-04 13:41:26Z INFO HostContext] Well known config file 'Credentials': '/Users/Mac7/Documents/GitHub/SiteMultiponto-Digipress.github.io/actions-runner/.credentials'
[2025-02-04 13:41:26Z INFO HostContext] Well known directory 'Bin': '/Users/Mac7/Documents/GitHub/SiteMultiponto-Digipress.github.io/actions-runner/bin'
[2025-02-04 13:41:26Z INFO HostContext] Well known directory 'Root': '/Users/Mac7/Documents/GitHub/SiteMultiponto-Digipress.github.io/actions-runner'
[2025-02-04 13:41:26Z INFO HostContext] Well known config file 'Runner': '/Users/Mac7/Documents/GitHub/SiteMultiponto-Digipress.github.io/actions-runner/.runner'
[2025-02-04 13:41:26Z INFO Listener] Runner is built for OSX (X64) - osx-x64.
[2025-02-04 13:41:26Z INFO Listener] RuntimeInformation: Darwin 19.6.0 Darwin Kernel Version 19.6.0: Tue Jun 21 21:18:39 PDT 2022; root:xnu-6153.141.66~1/RELEASE_X86_64.
[2025-02-04 13:41:26Z INFO Listener] Version: 2.322.0
[2025-02-04 13:41:26Z INFO Listener] Commit: 0edc478ca75d0a753dcbcec7405f3f26db67b1ac
[2025-02-04 13:41:26Z INFO Listener] Culture: en-GB
[2025-02-04 13:41:26Z INFO Listener] UI Culture: en-GB
[2025-02-04 13:41:26Z INFO HostContext] Well known directory 'Bin': '/Users/Mac7/Documents/GitHub/SiteMultiponto-Digipress.github.io/actions-runner/bin'
[2025-02-04 13:41:26Z INFO HostContext] Well known directory 'Root': '/Users/Mac7/Documents/GitHub/SiteMultiponto-Digipress.github.io/actions-runner'
[2025-02-04 13:41:26Z INFO Listener] Validating directory permissions for: '/Users/Mac7/Documents/GitHub/SiteMultiponto-Digipress.github.io/actions-runner'
[2025-02-04 13:41:26Z INFO CommandLineParser] Parse
[2025-02-04 13:41:26Z INFO CommandLineParser] Parsing 1 args
[2025-02-04 13:41:26Z INFO CommandLineParser] parsing argument
[2025-02-04 13:41:26Z INFO CommandLineParser] HasArgs: False
[2025-02-04 13:41:26Z INFO CommandLineParser] Adding Command: run
[2025-02-04 13:41:26Z INFO Listener] Arguments parsed
[2025-02-04 13:41:26Z INFO Runner] ExecuteCommand
[2025-02-04 13:41:26Z INFO ConfigurationStore] currentAssemblyLocation: /Users/Mac7/Documents/GitHub/SiteMultiponto-Digipress.github.io/actions-runner/bin/Runner.Listener.dll
[2025-02-04 13:41:26Z INFO HostContext] Well known directory 'Bin': '/Users/Mac7/Documents/GitHub/SiteMultiponto-Digipress.github.io/actions-runner/bin'
[2025-02-04 13:41:26Z INFO ConfigurationStore] binPath: /Users/Mac7/Documents/GitHub/SiteMultiponto-Digipress.github.io/actions-runner/bin
[2025-02-04 13:41:26Z INFO HostContext] Well known directory 'Bin': '/Users/Mac7/Documents/GitHub/SiteMultiponto-Digipress.github.io/actions-runner/bin'
[2025-02-04 13:41:26Z INFO HostContext] Well known directory 'Root': '/Users/Mac7/Documents/GitHub/SiteMultiponto-Digipress.github.io/actions-runner'
[2025-02-04 13:41:26Z INFO ConfigurationStore] RootFolder: /Users/Mac7/Documents/GitHub/SiteMultiponto-Digipress.github.io/actions-runner
[2025-02-04 13:41:26Z INFO HostContext] Well known directory 'Bin': '/Users/Mac7/Documents/GitHub/SiteMultiponto-Digipress.github.io/actions-runner/bin'
[2025-02-04 13:41:26Z INFO HostContext] Well known directory 'Root': '/Users/Mac7/Documents/GitHub/SiteMultiponto-Digipress.github.io/actions-runner'
[2025-02-04 13:41:26Z INFO HostContext] Well known config file 'Runner': '/Users/Mac7/Documents/GitHub/SiteMultiponto-Digipress.github.io/actions-runner/.runner'
[2025-02-04 13:41:26Z INFO ConfigurationStore] ConfigFilePath: /Users/Mac7/Documents/GitHub/SiteMultiponto-Digipress.github.io/actions-runner/.runner
[2025-02-04 13:41:26Z INFO HostContext] Well known directory 'Bin': '/Users/Mac7/Documents/GitHub/SiteMultiponto-Digipress.github.io/actions-runner/bin'
[2025-02-04 13:41:26Z INFO HostContext] Well known directory 'Root': '/Users/Mac7/Documents/GitHub/SiteMultiponto-Digipress.github.io/actions-runner'
[2025-02-04 13:41:26Z INFO HostContext] Well known config file 'Credentials': '/Users/Mac7/Documents/GitHub/SiteMultiponto-Digipress.github.io/actions-runner/.credentials'
[2025-02-04 13:41:26Z INFO ConfigurationStore] CredFilePath: /Users/Mac7/Documents/GitHub/SiteMultiponto-Digipress.github.io/actions-runner/.credentials
[2025-02-04 13:41:26Z INFO HostContext] Well known directory 'Bin': '/Users/Mac7/Documents/GitHub/SiteMultiponto-Digipress.github.io/actions-runner/bin'
[2025-02-04 13:41:26Z INFO HostContext] Well known directory 'Root': '/Users/Mac7/Documents/GitHub/SiteMultiponto-Digipress.github.io/actions-runner'
[2025-02-04 13:41:26Z INFO HostContext] Well known config file 'MigratedCredentials': '/Users/Mac7/Documents/GitHub/SiteMultiponto-Digipress.github.io/actions-runner/.credentials_migrated'
[2025-02-04 13:41:26Z INFO ConfigurationStore] MigratedCredFilePath: /Users/Mac7/Documents/GitHub/SiteMultiponto-Digipress.github.io/actions-runner/.credentials_migrated
[2025-02-04 13:41:26Z INFO HostContext] Well known directory 'Bin': '/Users/Mac7/Documents/GitHub/SiteMultiponto-Digipress.github.io/actions-runner/bin'
[2025-02-04 13:41:26Z INFO HostContext] Well known directory 'Root': '/Users/Mac7/Documents/GitHub/SiteMultiponto-Digipress.github.io/actions-runner'
[2025-02-04 13:41:26Z INFO HostContext] Well known config file 'Service': '/Users/Mac7/Documents/GitHub/SiteMultiponto-Digipress.github.io/actions-runner/.service'
[2025-02-04 13:41:26Z INFO ConfigurationStore] ServiceConfigFilePath: /Users/Mac7/Documents/GitHub/SiteMultiponto-Digipress.github.io/actions-runner/.service
[2025-02-04 13:41:26Z INFO CommandSettings] Flag 'help': 'False'
[2025-02-04 13:41:26Z INFO CommandSettings] Flag 'version': 'False'
[2025-02-04 13:41:26Z INFO CommandSettings] Flag 'commit': 'False'
[2025-02-04 13:41:26Z INFO CommandSettings] Flag 'check': 'False'
[2025-02-04 13:41:26Z INFO CommandSettings] Command 'configure': 'False'
[2025-02-04 13:41:26Z INFO CommandSettings] Command 'remove': 'False'
[2025-02-04 13:41:26Z INFO CommandSettings] Command 'warmup': 'False'
[2025-02-04 13:41:26Z INFO ConfigurationManager] LoadSettings
[2025-02-04 13:41:26Z INFO ConfigurationStore] IsConfigured()
[2025-02-04 13:41:26Z INFO ConfigurationStore] IsConfigured: True
[2025-02-04 13:41:26Z INFO ConfigurationManager] Is configured: True
[2025-02-04 13:41:26Z INFO ConfigurationStore] Read setting file: 321 chars
[2025-02-04 13:41:26Z INFO ConfigurationManager] Settings Loaded
[2025-02-04 13:41:26Z INFO ConfigurationStore] IsServiceConfigured()
[2025-02-04 13:41:26Z INFO ConfigurationStore] IsServiceConfigured: False
[2025-02-04 13:41:26Z INFO CommandSettings] Command 'run': 'True'
[2025-02-04 13:41:26Z INFO ConfigurationStore] IsConfigured()
[2025-02-04 13:41:26Z INFO ConfigurationStore] IsConfigured: True
[2025-02-04 13:41:26Z INFO ConfigurationManager] Is configured: True
[2025-02-04 13:41:26Z INFO Runner] Could not parse the argument value '' for StartupType. Defaulting to Manual
[2025-02-04 13:41:26Z INFO Runner] Set runner startup type - Manual
[2025-02-04 13:41:26Z INFO CommandSettings] Flag 'once': 'False'
[2025-02-04 13:41:26Z INFO CommandSettings] Flag 'once': 'False'
[2025-02-04 13:41:26Z INFO Runner] RunAsync
[2025-02-04 13:41:26Z INFO ConfigurationManager] LoadSettings
[2025-02-04 13:41:26Z INFO ConfigurationStore] IsConfigured()
[2025-02-04 13:41:26Z INFO ConfigurationStore] IsConfigured: True
[2025-02-04 13:41:26Z INFO ConfigurationManager] Is configured: True
[2025-02-04 13:41:26Z INFO ConfigurationManager] Settings Loaded
[2025-02-04 13:41:26Z INFO MessageListener] {
  "AgentId": 2,
  "AgentName": "Mac7",
  "PoolId": 1,
  "PoolName": "Default",
  "ServerUrl": "https://pipelinesghubeus5.actions.githubusercontent.com/QvfqFHkaaSq1vBZK0wugsIZeFGj5Dw5D4KharYZV0CExRCa4Hv/",
  "GitHubUrl": "https://github.com/HelderOliveira77/SiteMultiponto-Digipress.github.io",
  "WorkFolder": "_work"
}
[2025-02-04 13:41:26Z INFO MessageListener] Loading Credentials
[2025-02-04 13:41:26Z INFO ConfigurationStore] HasCredentials()
[2025-02-04 13:41:26Z INFO ConfigurationStore] stored True
[2025-02-04 13:41:26Z INFO CredentialManager] GetCredentialProvider
[2025-02-04 13:41:26Z INFO CredentialManager] Creating type OAuth
[2025-02-04 13:41:26Z INFO CredentialManager] Creating credential type: OAuth
[2025-02-04 13:41:26Z INFO HostContext] Well known directory 'Bin': '/Users/Mac7/Documents/GitHub/SiteMultiponto-Digipress.github.io/actions-runner/bin'
[2025-02-04 13:41:26Z INFO HostContext] Well known directory 'Root': '/Users/Mac7/Documents/GitHub/SiteMultiponto-Digipress.github.io/actions-runner'
[2025-02-04 13:41:26Z INFO HostContext] Well known config file 'RSACredentials': '/Users/Mac7/Documents/GitHub/SiteMultiponto-Digipress.github.io/actions-runner/.credentials_rsaparams'
[2025-02-04 13:41:26Z INFO RSAFileKeyManager] Loading RSA key parameters from file /Users/Mac7/Documents/GitHub/SiteMultiponto-Digipress.github.io/actions-runner/.credentials_rsaparams
[2025-02-04 13:41:26Z INFO MessageListener] Attempt to create session.
[2025-02-04 13:41:26Z INFO MessageListener] Connecting to the Runner Server...
[2025-02-04 13:41:26Z INFO RunnerServer] EstablishVssConnection
[2025-02-04 13:41:26Z INFO RunnerServer] Establish connection with 100 seconds timeout.
[2025-02-04 13:41:26Z INFO GitHubActionsService] Starting operation Location.GetConnectionData
[2025-02-04 13:41:26Z INFO RunnerServer] EstablishVssConnection
[2025-02-04 13:41:26Z INFO RunnerServer] Establish connection with 60 seconds timeout.
[2025-02-04 13:41:26Z INFO GitHubActionsService] Starting operation Location.GetConnectionData
[2025-02-04 13:41:26Z INFO RunnerServer] EstablishVssConnection
[2025-02-04 13:41:26Z INFO RunnerServer] Establish connection with 60 seconds timeout.
[2025-02-04 13:41:26Z INFO GitHubActionsService] Starting operation Location.GetConnectionData
[2025-02-04 13:41:27Z INFO GitHubActionsService] Finished operation Location.GetConnectionData
[2025-02-04 13:41:27Z INFO GitHubActionsService] Finished operation Location.GetConnectionData
[2025-02-04 13:41:27Z INFO GitHubActionsService] Finished operation Location.GetConnectionData
[2025-02-04 13:41:27Z INFO MessageListener] VssConnection created
[2025-02-04 13:41:27Z INFO Terminal] WRITE LINE: 
[2025-02-04 13:41:27Z INFO Terminal] WRITE LINE: 
[2025-02-04 13:41:27Z INFO RSAFileKeyManager] Loading RSA key parameters from file /Users/Mac7/Documents/GitHub/SiteMultiponto-Digipress.github.io/actions-runner/.credentials_rsaparams
[2025-02-04 13:41:27Z INFO RSAFileKeyManager] Loading RSA key parameters from file /Users/Mac7/Documents/GitHub/SiteMultiponto-Digipress.github.io/actions-runner/.credentials_rsaparams
[2025-02-04 13:41:27Z INFO GitHubActionsService] AAD Correlation ID for this token request: Unknown
[2025-02-04 13:41:28Z INFO MessageListener] Session created.
[2025-02-04 13:41:28Z INFO Terminal] WRITE LINE: Current runner version: '2.322.0'
[2025-02-04 13:41:28Z INFO Terminal] WRITE LINE: 2025-02-04 13:41:28Z: Listening for Jobs
[2025-02-04 13:41:28Z INFO JobDispatcher] Set runner/worker IPC timeout to 30 seconds.
[2025-02-04 13:41:28Z INFO RSAFileKeyManager] Loading RSA key parameters from file /Users/Mac7/Documents/GitHub/SiteMultiponto-Digipress.github.io/actions-runner/.credentials_rsaparams
[2025-02-04 13:41:28Z INFO GitHubActionsService] AAD Correlation ID for this token request: Unknown
